[14 12 21 13:08:39] - Downloading data - Successful
[14 12 21 13:08:40] - Extracting data - Successful
[14 12 21 13:08:40] - Validating data - Successful
[14 12 21 13:08:40] - Moving validated data to subfolder - Successful
[14 12 21 13:08:40] - Creating table in db - Successful
[14 12 21 13:08:49] - Inserting data into the table - Successful
[14 12 21 13:08:50] - Sending notification email - Successful
[14 12 21 13:08:50] - Processing data in the db - Successful
[14 12 21 13:08:51] - Exporting processed data - Successful
[14 12 21 13:08:51] - Creating archive file from processed data - Successful
[14 12 21 13:08:51] - Sending notification email with processed data - Successful
[14 12 21 13:09:02] - Running script...
[14 12 21 13:09:02] - Downloading data - Successful
[14 12 21 13:09:03] - Extracting data - Successful
[14 12 21 13:09:04] - Validating data - Successful
[14 12 21 13:09:04] - Moving validated data to subfolder - Successful
[14 12 21 13:09:04] - Creating table in db - Successful
[14 12 21 13:09:14] - Inserting data into the table - Successful
[14 12 21 13:09:16] - Sending notification email - Successful
[14 12 21 13:09:16] - Processing data in the db - Successful
[14 12 21 13:09:16] - Exporting processed data - Successful
[14 12 21 13:09:16] - Creating archive file from processed data - Successful
[14 12 21 13:09:17] - Sending notification email with processed data - Successful
