[14 12 21 12:37:53] - Downloading data - Successful
[14 12 21 12:37:55] - Extracting data - Successful
[14 12 21 12:37:55] - Validating data - Successful
[14 12 21 12:37:55] - Moving validated data to subfolder - Successful
[14 12 21 12:37:55] - Creating table in db - Successful
[14 12 21 12:38:04] - Inserting data into the table - Successful
[14 12 21 12:38:05] - Sending notification email - Successful
[14 12 21 12:38:06] - Processing data in the db - Successful
[14 12 21 12:38:06] - Exporting processed data - Successful
[14 12 21 12:38:06] - Creating archive file from processed data - Successful
[14 12 21 12:38:06] - Sending notification email with processed data - Successful
[14 12 21 12:38:47] - Running script...
[14 12 21 12:38:47] - Downloading data - Successful
[14 12 21 12:38:48] - Extracting data - Successful
[14 12 21 12:38:48] - Validating data - Successful
[14 12 21 12:38:48] - Moving validated data to subfolder - Successful
[14 12 21 12:38:48] - Creating table in db - Successful
[14 12 21 12:38:59] - Inserting data into the table - Successful
[14 12 21 12:39:00] - Sending notification email - Successful
[14 12 21 12:39:00] - Processing data in the db - Successful
[14 12 21 12:39:00] - Exporting processed data - Successful
[14 12 21 12:39:00] - Creating archive file from processed data - Successful
[14 12 21 12:39:01] - Sending notification email with processed data - Successful
[14 12 21 12:48:14] - Running script...
[14 12 21 12:48:14] - Downloading data - Successful
[14 12 21 12:48:15] - Extracting data - Successful
[14 12 21 12:48:15] - Validating data - Successful
[14 12 21 12:48:15] - Moving validated data to subfolder - Successful
[14 12 21 12:48:15] - Creating table in db - Successful
[14 12 21 12:48:24] - Inserting data into the table - Successful
[14 12 21 12:48:25] - Sending notification email - Successful
[14 12 21 12:48:25] - Processing data in the db - Successful
[14 12 21 12:48:25] - Exporting processed data - Successful
[14 12 21 12:48:26] - Creating archive file from processed data - Successful
[14 12 21 12:48:26] - Sending notification email with processed data - Successful
[14 12 21 12:52:58] - Running script...
[14 12 21 12:52:59] - Downloading data - Successful
[14 12 21 12:53:00] - Extracting data - Successful
[14 12 21 12:53:00] - Validating data - Successful
[14 12 21 12:53:00] - Moving validated data to subfolder - Successful
[14 12 21 12:53:01] - Creating table in db - Successful
[14 12 21 12:53:11] - Inserting data into the table - Successful
[14 12 21 12:53:13] - Sending notification email - Successful
[14 12 21 12:53:13] - Processing data in the db - Successful
[14 12 21 12:53:13] - Exporting processed data - Successful
[14 12 21 12:53:13] - Creating archive file from processed data - Successful
[14 12 21 12:53:13] - Sending notification email with processed data - Successful
[14 12 21 12:54:02] - Running script...
[14 12 21 12:54:02] - Downloading data - Successful
[14 12 21 12:54:03] - Extracting data - Successful
[14 12 21 12:54:03] - Validating data - Successful
[14 12 21 12:54:03] - Moving validated data to subfolder - Successful
[14 12 21 12:54:03] - Creating table in db - Successful
[14 12 21 12:54:13] - Inserting data into the table - Successful
[14 12 21 12:54:14] - Sending notification email - Successful
[14 12 21 12:54:14] - Processing data in the db - Successful
[14 12 21 12:54:14] - Exporting processed data - Successful
[14 12 21 12:54:14] - Creating archive file from processed data - Successful
[14 12 21 12:54:15] - Sending notification email with processed data - Successful
