2022-01-24 15:13:11|   0.0|  0.0|INFORM|Current FME version: FME 2021.2.1.0 (20211203 - Build 21797 - WIN64)
2022-01-24 15:13:11|   0.0|  0.0|INFORM|FME_HOME is 'C:\Program Files\FME\'
2022-01-24 15:13:11|   0.0|  0.0|INFORM|FME Desktop Trial Edition (node locked-crc)
2022-01-24 15:13:11|   0.0|  0.0|INFORM|Serial Number: 0
2022-01-24 15:13:11|   0.0|  0.0|INFORM|Temporary License: 99 days left.
2022-01-24 15:13:11|   0.0|  0.0|INFORM|Machine host name is: DESKTOP-IDAR98B
2022-01-24 15:13:11|   0.0|  0.0|INFORM|Locale: pl_PL
2022-01-24 15:13:11|   0.0|  0.0|INFORM|System Encoding: windows-1250
2022-01-24 15:13:11|   0.0|  0.0|INFORM|FME Configuration: FME_BASE is 'no'
2022-01-24 15:13:11|   0.0|  0.0|INFORM|FME Configuration: FME_MF_DIR is 'C:\Users\huber\Documents\FME\Workspaces/'
2022-01-24 15:13:11|   0.0|  0.0|INFORM|FME Configuration: FME_MF_NAME is 'teledetekcja.fmw'
2022-01-24 15:13:11|   0.0|  0.0|INFORM|FME Configuration: FME_PRODUCT_NAME is 'FME(R) 2021.2.1.0'
2022-01-24 15:13:11|   0.0|  0.0|INFORM|Operating System: Microsoft Windows 10 64-bit  (Build 19041)
2022-01-24 15:13:11|   0.0|  0.0|INFORM|FME Platform: WIN64
2022-01-24 15:13:11|   0.0|  0.0|INFORM|System Status: 150.33 GB of disk space available in the FME temporary folder (C:\Users\huber\AppData\Local\Temp\wbrun_1643032007087_23044\fmetmp_9)
2022-01-24 15:13:11|   0.1|  0.1|INFORM|System Status: 7.88 GB of physical memory available
2022-01-24 15:13:11|   0.1|  0.0|INFORM|System Status: 31.53 GB of virtual memory available
2022-01-24 15:13:11|   0.1|  0.0|INFORM|START - ProcessID: 21704, peak process memory usage: 45844 kB, current process memory usage: 45316 kB
2022-01-24 15:13:11|   0.1|  0.0|INFORM|FME Configuration: Command line arguments are `C:\Program Files\FME\fme.exe' `C:/Users/huber/Documents/FME/Workspaces\wb-xlate-1643033585680_23044' `LOG_STANDARDOUT' `YES' `LogCountServerName' `{ca619456-1447-4c32-960b-4f8339b309e9}'
2022-01-24 15:13:11|   0.1|  0.0|INFORM|FME Configuration: Connection Storage: 'C:\Users\huber\AppData\Roaming\Safe Software\FME\'
2022-01-24 15:13:12|   0.2|  0.1|INFORM|Using Python interpreter from `C:\Program Files\FME\fmepython38\python38.dll' with PYTHONHOME `C:\Program Files\FME\fmepython38'
2022-01-24 15:13:12|   0.2|  0.0|INFORM|Python version 3.8 loaded successfully
2022-01-24 15:13:12|   0.2|  0.0|INFORM|Adding folder `C:\Users\huber\Documents\FME\Workspaces\' to the python path
2022-01-24 15:13:12|   0.5|  0.3|INFORM|Adding folder `C:\Users\huber\Documents\FME\Workspaces\' to the python path
2022-01-24 15:13:12|   0.5|  0.0|INFORM|FME_BEGIN_PYTHON: evaluating python script from string...
2022-01-24 15:13:14|   0.6|  0.1|INFORM|Sent
2022-01-24 15:13:14|   0.6|  0.0|INFORM|FME_BEGIN_PYTHON: python script execution complete.
2022-01-24 15:13:14|   0.6|  0.0|INFORM|Shared folders for formats are : C:\Program Files\FME\datasources;C:\Users\huber\Documents\FME\Formats
2022-01-24 15:13:14|   0.6|  0.0|INFORM|Shared folders for transformers are : C:\Users\huber\AppData\Roaming\Safe Software\FME\Packages\21797-win64\transformers;C:\Program Files\FME\transformers;C:\Users\huber\AppData\Roaming\Safe Software\FME\FME Store\Transformers
2022-01-24 15:13:14|   0.6|  0.0|INFORM|Shared folders for coordinate systems are : C:\Users\huber\Documents\FME\CoordinateSystems
2022-01-24 15:13:14|   0.6|  0.0|INFORM|Shared folders for coordinate system exceptions are : C:\Users\huber\Documents\FME\CoordinateSystemExceptions
2022-01-24 15:13:14|   0.6|  0.0|INFORM|Shared folders for coordinate system grid overrides are : C:\Users\huber\Documents\FME\CoordinateSystemGridOverrides
2022-01-24 15:13:14|   0.6|  0.0|INFORM|Shared folders for CS-MAP transformation exceptions are : C:\Users\huber\Documents\FME\CsmapTransformationExceptions
2022-01-24 15:13:14|   0.6|  0.0|INFORM|Shared folders for transformer categories are : C:\Users\huber\Documents\FME\TransformerCategories
2022-01-24 15:13:14|   0.6|  0.0|INFORM|FME Configuration: Reader Keyword is `MULTI_READER'
2022-01-24 15:13:14|   0.6|  0.0|INFORM|FME Configuration: Writer Keyword is `MULTI_WRITER'
2022-01-24 15:13:14|   0.6|  0.0|INFORM|FME Configuration: Writer Group Definition Keyword is `MULTI_WRITER_DEF'
2022-01-24 15:13:14|   0.6|  0.0|INFORM|FME Configuration: Reader type is `MULTI_READER'
2022-01-24 15:13:14|   0.6|  0.0|INFORM|FME Configuration: Writer type is `MULTI_WRITER'
2022-01-24 15:13:14|   0.6|  0.0|INFORM|FME Configuration: No destination coordinate system set
2022-01-24 15:13:14|   0.6|  0.0|INFORM|FME Configuration: Current working folder is `C:\Users\huber\Documents\FME\Workspaces'
2022-01-24 15:13:14|   0.7|  0.1|INFORM|FME Configuration: Temporary folder is `C:\Users\huber\AppData\Local\Temp\wbrun_1643032007087_23044\fmetmp_9', set from environment variable `FME_TEMP'
2022-01-24 15:13:14|   0.7|  0.0|INFORM|FME Configuration: Cache folder is 'C:\Users\huber\AppData\Local\Temp'
2022-01-24 15:13:14|   0.7|  0.0|INFORM|FME Configuration: FME_HOME is `C:\Program Files\FME\'
2022-01-24 15:13:14|   0.7|  0.0|INFORM|FME Configuration: Start freeing memory when the process exceeds 23.64 GB
2022-01-24 15:13:14|   0.7|  0.0|INFORM|FME Configuration: Stop freeing memory when the process is below 17.73 GB
2022-01-24 15:13:14|   0.9|  0.2|INFORM|Creating writer for format: 
2022-01-24 15:13:14|   0.9|  0.0|INFORM|Creating reader for format: 
2022-01-24 15:13:14|   0.9|  0.0|INFORM|MULTI_READER(MULTI_READER): Will fail with first member reader failure
2022-01-24 15:13:14|   0.9|  0.0|INFORM|MULTI_READER(MULTI_READER): Adding SHAPEFILE Reader with keyword SHAPEFILE_1
2022-01-24 15:13:14|   0.9|  0.0|INFORM|Using Multi Reader with keyword `MULTI_READER' to read multiple datasets
2022-01-24 15:13:15|   1.0|  0.1|INFORM|Creating reader for format: Esri Shapefile
2022-01-24 15:13:15|   1.0|  0.0|INFORM|Trying to find a DYNAMIC plugin for reader named `SHAPEFILE'
2022-01-24 15:13:15|   1.0|  0.0|INFORM|Loaded module 'SHAPEFILE' from file 'C:\Program Files\FME\plugins/shapefile_dbase.dll'
2022-01-24 15:13:15|   1.0|  0.0|INFORM|FME API version of module 'SHAPEFILE' matches current internal version (3.8 20210302)
2022-01-24 15:13:15|   1.3|  0.3|INFORM|The OGC definition of the FME coordinate system 'ETRS89.PolandCS92' is 'PROJCS["ETRS_1989_Poland_CS92",GEOGCS["GCS_ETRS_1989",DATUM["D_ETRS_1989",SPHEROID["GRS_1980",6378137.0,298.257222101]],PRIMEM["Greenwich",0.0],UNIT["Degree",0.0174532925199433]],PROJECTION["Transverse_Mercator"],PARAMETER["False_Easting",500000.0],PARAMETER["False_Northing",-5300000.0],PARAMETER["Central_Meridian",19.0],PARAMETER["Scale_Factor",0.9993],PARAMETER["Latitude_Of_Origin",0.0],UNIT["Meter",1.0]]'
2022-01-24 15:13:15|   1.3|  0.0|INFORM|Shapefile reader: Reading dataset with encoding 'UTF-8' as determined by 'Codepage File'
2022-01-24 15:13:15|   1.4|  0.1|INFORM|Using MultiWriter with keyword `MULTI_WRITER' to output data (ID_ATTRIBUTE is `multi_writer_id')
2022-01-24 15:13:15|   1.4|  0.0|INFORM|Writer output will be ordered by value of multi_writer_id
2022-01-24 15:13:15|   1.4|  0.0|INFORM|Loaded module 'Python_func' from file 'C:\Program Files\FME\plugins/Python_func.dll'
2022-01-24 15:13:15|   1.4|  0.0|INFORM|FME API version of module 'Python_func' matches current internal version (3.8 20210302)
2022-01-24 15:13:15|   1.4|  0.0|INFORM|Loaded module 'LogCount_func' from file 'C:\Program Files\FME\plugins/LogCount_func.dll'
2022-01-24 15:13:15|   1.4|  0.0|INFORM|FME API version of module 'LogCount_func' matches current internal version (3.8 20210302)
2022-01-24 15:13:15|   1.4|  0.0|INFORM|FME Configuration: Using FME Reprojection Engine
2022-01-24 15:13:15|   1.4|  0.0|INFORM|Loaded module 'TextEncoderFactory' from file 'C:\Program Files\FME\plugins/TextEncoderFactory.dll'
2022-01-24 15:13:15|   1.4|  0.0|INFORM|FME API version of module 'TextEncoderFactory' matches current internal version (3.8 20210302)
2022-01-24 15:13:15|   1.6|  0.2|INFORM|Loaded module 'Geometry_func' from file 'C:\Program Files\FME\plugins/Geometry_func.dll'
2022-01-24 15:13:15|   1.6|  0.0|INFORM|FME API version of module 'Geometry_func' matches current internal version (3.8 20210302)
2022-01-24 15:13:15|   1.6|  0.0|INFORM|Loaded module 'HTTPFactory' from file 'C:\Program Files\FME\plugins/HTTPFactory.dll'
2022-01-24 15:13:15|   1.6|  0.0|INFORM|FME API version of module 'HTTPFactory' matches current internal version (3.8 20210302)
2022-01-24 15:13:15|   1.6|  0.0|INFORM|... Last line repeated 2 times ...
2022-01-24 15:13:15|   1.6|  0.0|INFORM|Loaded module 'XFMapFactory' from file 'C:\Program Files\FME\plugins/XFMapFactory.dll'
2022-01-24 15:13:15|   1.6|  0.0|INFORM|FME API version of module 'XFMapFactory' matches current internal version (3.8 20210302)
2022-01-24 15:13:15|   1.6|  0.0|INFORM|FME API version of module 'XFMapFactory' matches current internal version (3.8 20210302)
2022-01-24 15:13:15|   1.6|  0.0|INFORM|FME API version of module 'HTTPFactory' matches current internal version (3.8 20210302)
2022-01-24 15:13:15|   1.6|  0.0|INFORM|FME API version of module 'XFMapFactory' matches current internal version (3.8 20210302)
2022-01-24 15:13:15|   1.6|  0.0|INFORM|FME API version of module 'HTTPFactory' matches current internal version (3.8 20210302)
2022-01-24 15:13:15|   1.6|  0.0|INFORM|Loaded module 'PythonFactory' from file 'C:\Program Files\FME\plugins/PythonFactory.dll'
2022-01-24 15:13:15|   1.6|  0.0|INFORM|FME API version of module 'PythonFactory' matches current internal version (3.8 20210302)
2022-01-24 15:13:15|   1.6|  0.0|INFORM|Loaded module 'QueryFactory' from file 'C:\Program Files\FME\plugins/QueryFactory.dll'
2022-01-24 15:13:15|   1.7|  0.1|INFORM|FME API version of module 'QueryFactory' matches current internal version (3.8 20210302)
2022-01-24 15:13:15|   1.7|  0.0|INFORM|FME API version of module 'QueryFactory' matches current internal version (3.8 20210302)
2022-01-24 15:13:15|   1.7|  0.0|INFORM|FME API version of module 'XFMapFactory' matches current internal version (3.8 20210302)
2022-01-24 15:13:15|   1.7|  0.0|INFORM|SentinelDownloader_StatisticsCalculator_SummaryExploder (ElementFactory): Using LEAN_AND_MEAN processing mode
2022-01-24 15:13:16|   1.7|  0.0|INFORM|Loaded module 'DuplicateRemoverFactory' from file 'C:\Program Files\FME\plugins/DuplicateRemoverFactory.dll'
2022-01-24 15:13:16|   1.7|  0.0|INFORM|FME API version of module 'DuplicateRemoverFactory' matches current internal version (3.8 20210302)
2022-01-24 15:13:16|   1.7|  0.0|INFORM|FME API version of module 'PythonFactory' matches current internal version (3.8 20210302)
2022-01-24 15:13:16|   1.7|  0.0|INFORM|Loaded module 'RasterProperties_func' from file 'C:\Program Files\FME\plugins/RasterProperties_func.dll'
2022-01-24 15:13:16|   1.7|  0.0|INFORM|FME API version of module 'RasterProperties_func' matches current internal version (3.8 20210302)
2022-01-24 15:13:16|   1.7|  0.0|INFORM|Loaded module 'RasterNodata_func' from file 'C:\Program Files\FME\plugins/RasterNodata_func.dll'
2022-01-24 15:13:16|   1.7|  0.0|INFORM|FME API version of module 'RasterNodata_func' matches current internal version (3.8 20210302)
2022-01-24 15:13:16|   1.7|  0.0|INFORM|Loaded module 'RasterEvaluationFactory' from file 'C:\Program Files\FME\plugins/RasterEvaluationFactory.dll'
2022-01-24 15:13:16|   1.7|  0.0|INFORM|FME API version of module 'RasterEvaluationFactory' matches current internal version (3.8 20210302)
2022-01-24 15:13:16|   1.9|  0.2|INFORM|... Last line repeated 2 times ...
2022-01-24 15:13:16|   1.9|  0.0|INFORM|Loaded module 'RasterPaletteAttributes_func' from file 'C:\Program Files\FME\plugins/RasterPaletteAttributes_func.dll'
2022-01-24 15:13:16|   1.9|  0.0|INFORM|FME API version of module 'RasterPaletteAttributes_func' matches current internal version (3.8 20210302)
2022-01-24 15:13:16|   1.9|  0.0|INFORM|FME API version of module 'RasterEvaluationFactory' matches current internal version (3.8 20210302)
2022-01-24 15:13:16|   1.9|  0.0|INFORM|Loaded module 'RasterClippingFactory' from file 'C:\Program Files\FME\plugins/RasterClippingFactory.dll'
2022-01-24 15:13:16|   1.9|  0.0|INFORM|FME API version of module 'RasterClippingFactory' matches current internal version (3.8 20210302)
2022-01-24 15:13:16|   1.9|  0.0|INFORM|Loaded module 'SolidIntersectionFactory' from file 'C:\Program Files\FME\plugins/SolidIntersectionFactory.dll'
2022-01-24 15:13:16|   1.9|  0.0|INFORM|FME API version of module 'SolidIntersectionFactory' matches current internal version (3.8 20210302)
2022-01-24 15:13:16|   1.9|  0.0|INFORM|Loaded module 'RasterStatisticsFactory' from file 'C:\Program Files\FME\plugins/RasterStatisticsFactory.dll'
2022-01-24 15:13:16|   1.9|  0.0|INFORM|FME API version of module 'RasterStatisticsFactory' matches current internal version (3.8 20210302)
2022-01-24 15:13:16|   2.0|  0.1|INFORM|FME API version of module 'PythonFactory' matches current internal version (3.8 20210302)
2022-01-24 15:13:16|   2.0|  0.0|INFORM|FME Configuration: Source coordinate system for reader SHAPEFILE_1[SHAPEFILE] set to `ETRS89.PolandCS92' as read from input data
2022-01-24 15:13:16|   2.0|  0.0|INFORM|Coordinate System `ETRS89.PolandCS92' parameters: CS_NAME=`ETRS89.PolandCS92' DESC_NM=`ETRS89 / Poland CS92' DT_NAME=`ETRS89/01' EPSG_QD=`-1' GROUP=`EUROPE' MAP_SCL=`1' MAX_LAT=`56.65' MAX_LNG=`25.416666666666668' MIN_LAT=`48.333333333333336' MIN_LNG=`12.883333333333333' PARM1=`19' PROJ=`TM' QUAD=`1' SCL_RED=`0.9993' SOURCE=`EPSG, V6.3, 2180 [Medium and small scale topographic mappi]' UNIT=`Meter' X_OFF=`500000' Y_OFF=`-5300000' ZERO_X=`0.0001' ZERO_Y=`0.0001'
2022-01-24 15:13:16|   2.0|  0.0|STATS |Storing feature(s) to FME feature store file `C:\Users\huber\AppData\Local\Temp\wb-cache-teledetekcja-CQVTUD\Main_Powiaty -1 3 -1  0  e1657018e710ca8771f70d10cb39218012df33b0.ffsupdating'
2022-01-24 15:13:16|   2.0|  0.0|INFORM|FFS writer: Writing 380 feature(s) to file 'C:\Users\huber\AppData\Local\Temp\wb-cache-teledetekcja-CQVTUD\Main_Powiaty -1 3 -1  0  e1657018e710ca8771f70d10cb39218012df33b0.fts'
2022-01-24 15:13:16|   2.2|  0.2|INFORM|Spatial Index: Adding 380 features
2022-01-24 15:13:17|   2.4|  0.2|INFORM|CS-MAP Reprojector: Transformation will be automatically selected for 'ETRS89.PolandCS92' -> 'LL84', and is not guaranteed to remain the same in future releases of FME
2022-01-24 15:13:17|   2.4|  0.0|INFORM|Reprojector: Using transformation `ETRS89/01_to_WGS84,Forward(Geocentric)' when reprojecting from ETRS89.PolandCS92 to LL84
2022-01-24 15:13:17|   2.4|  0.0|STATS |Storing feature(s) to FME feature store file `C:\Users\huber\AppData\Local\Temp\wb-cache-teledetekcja-CQVTUD\Main_Reprojector -1 4 fo 0 REPROJECTED  0  0c73cdd07ccc26ff048ac699c847d02c42494def.ffsupdating'
2022-01-24 15:13:17|   2.4|  0.0|INFORM|FFS writer: Writing 380 feature(s) to file 'C:\Users\huber\AppData\Local\Temp\wb-cache-teledetekcja-CQVTUD\Main_Reprojector -1 4 fo 0 REPROJECTED  0  0c73cdd07ccc26ff048ac699c847d02c42494def.fts'
2022-01-24 15:13:19|   4.3|  1.9|INFORM|Spatial Index: Adding 380 features
